{"lvl":"info","msg":""}
{"lvl":"warning","msg":"This is a Warn msg"}
{"lvl":"error","msg":"This is an Error msg"}
{}
{}
{}
{}
{}
{}
{}
{}
{}
{}
{}
{}
[34mINFO[0m[0000]                                              
[33mWARN[0m[0000] This is a Warn msg                           
[31mERRO[0m[0000] This is an Error msg                         
time="2017-01-09T00:04:13+08:00" level=info 
time="2017-01-09T00:04:13+08:00" level=warning msg="This is a Warn msg" 
time="2017-01-09T00:04:13+08:00" level=error msg="This is an Error msg" 
